/home/adattilo/occurrence/DR25-occurrence-tutorial/completenessContours
node035
Thu Apr  2 12:59:51 PDT 2020
worker id 5
0.0%
1.83%
3.66%
5.48%
7.31%
9.14%
10.97%
12.79%
14.62%
16.45%
18.28%
20.1%
21.93%
23.76%
25.59%
27.41%
29.24%
31.07%
32.9%
34.72%
36.55%
38.38%
40.21%
42.03%
43.86%
45.69%
47.52%
49.34%
51.17%
53.0%
54.83%
56.66%
58.48%
60.31%
62.14%
63.97%
65.79%
67.62%
69.45%
71.28%
73.1%
74.93%
76.76%
78.59%
80.41%
82.24%
84.07%
85.9%
87.72%
89.55%
91.38%
93.21%
95.03%
96.86%
98.69%
WARNING: AstropyDeprecationWarning: "clobber" was deprecated in version 2.0 and will be removed in a future version. Use argument "overwrite" instead. [__main__]
Thu Apr  2 14:18:09 PDT 2020
